{"C:\\Users\\rinka\\OneDrive\\Рабочий стол\\React-course\\RSSchool-React2021\\src\\App.tsx": {"path":"C:\\Users\\rinka\\OneDrive\\Рабочий стол\\React-course\\RSSchool-React2021\\src\\App.tsx","statementMap":{"0":{"start":{"line":1,"column":0},"end":{"line":1,"column":62}},"1":{"start":{"line":2,"column":0},"end":{"line":2,"column":72}},"2":{"start":{"line":3,"column":0},"end":{"line":3,"column":52}},"3":{"start":{"line":4,"column":0},"end":{"line":4,"column":44}},"4":{"start":{"line":5,"column":0},"end":{"line":5,"column":49}},"5":{"start":{"line":6,"column":0},"end":{"line":6,"column":44}},"6":{"start":{"line":7,"column":0},"end":{"line":7,"column":36}},"7":{"start":{"line":8,"column":0},"end":{"line":8,"column":21}},"8":{"start":{"line":10,"column":19},"end":{"line":28,"column":1}},"9":{"start":{"line":11,"column":19},"end":{"line":11,"column":32}},"10":{"start":{"line":13,"column":2},"end":{"line":27,"column":4}},"11":{"start":{"line":10,"column":13},"end":{"line":10,"column":19}}},"fnMap":{"0":{"name":"(anonymous_0)","decl":{"start":{"line":10,"column":19},"end":{"line":10,"column":22}},"loc":{"start":{"line":10,"column":24},"end":{"line":28,"column":1}}}},"branchMap":{},"s":{"0":0,"1":0,"2":0,"3":0,"4":0,"5":0,"6":0,"7":0,"8":0,"9":0,"10":0,"11":0},"f":{"0":0},"b":{}}
,"C:\\Users\\rinka\\OneDrive\\Рабочий стол\\React-course\\RSSchool-React2021\\src\\index.tsx": {"path":"C:\\Users\\rinka\\OneDrive\\Рабочий стол\\React-course\\RSSchool-React2021\\src\\index.tsx","statementMap":{"0":{"start":{"line":1,"column":0},"end":{"line":1,"column":33}},"1":{"start":{"line":2,"column":0},"end":{"line":2,"column":39}},"2":{"start":{"line":3,"column":0},"end":{"line":3,"column":59}},"3":{"start":{"line":4,"column":0},"end":{"line":4,"column":28}},"4":{"start":{"line":5,"column":0},"end":{"line":5,"column":38}},"5":{"start":{"line":7,"column":0},"end":{"line":14,"column":2}}},"fnMap":{},"branchMap":{},"s":{"0":0,"1":0,"2":0,"3":0,"4":0,"5":0},"f":{},"b":{}}
,"C:\\Users\\rinka\\OneDrive\\Рабочий стол\\React-course\\RSSchool-React2021\\src\\components\\BookCard\\BookCard.tsx": {"path":"C:\\Users\\rinka\\OneDrive\\Рабочий стол\\React-course\\RSSchool-React2021\\src\\components\\BookCard\\BookCard.tsx","statementMap":{"0":{"start":{"line":1,"column":0},"end":{"line":1,"column":40}},"1":{"start":{"line":3,"column":0},"end":{"line":3,"column":31}},"2":{"start":{"line":10,"column":2},"end":{"line":36,"column":4}},"3":{"start":{"line":9,"column":0},"end":{"line":9,"column":16}}},"fnMap":{"0":{"name":"BookCard","decl":{"start":{"line":9,"column":16},"end":{"line":9,"column":24}},"loc":{"start":{"line":9,"column":41},"end":{"line":37,"column":1}}}},"branchMap":{"0":{"loc":{"start":{"line":16,"column":14},"end":{"line":16,"column":57}},"type":"binary-expr","locations":[{"start":{"line":16,"column":14},"end":{"line":16,"column":57}},{"start":{"line":17,"column":14},"end":{"line":17,"column":74}}]},"1":{"loc":{"start":{"line":16,"column":41},"end":{"line":16,"column":43}},"type":"cond-expr","locations":[{"start":{"line":16,"column":41},"end":{"line":16,"column":43}},{"start":{"line":16,"column":41},"end":{"line":16,"column":57}}]},"2":{"loc":{"start":{"line":16,"column":14},"end":{"line":16,"column":43}},"type":"binary-expr","locations":[{"start":{"line":16,"column":14},"end":{"line":16,"column":43}},{"start":{"line":16,"column":41},"end":{"line":16,"column":43}}]},"3":{"loc":{"start":{"line":16,"column":29},"end":{"line":16,"column":31}},"type":"cond-expr","locations":[{"start":{"line":16,"column":29},"end":{"line":16,"column":31}},{"start":{"line":16,"column":29},"end":{"line":16,"column":41}}]},"4":{"loc":{"start":{"line":16,"column":14},"end":{"line":16,"column":31}},"type":"binary-expr","locations":[{"start":{"line":16,"column":14},"end":{"line":16,"column":31}},{"start":{"line":16,"column":29},"end":{"line":16,"column":31}}]},"5":{"loc":{"start":{"line":25,"column":16},"end":{"line":25,"column":58}},"type":"cond-expr","locations":[{"start":{"line":25,"column":16},"end":{"line":25,"column":58}},{"start":{"line":26,"column":16},"end":{"line":26,"column":37}}]},"6":{"loc":{"start":{"line":28,"column":59},"end":{"line":28,"column":61}},"type":"cond-expr","locations":[{"start":{"line":28,"column":59},"end":{"line":28,"column":61}},{"start":{"line":28,"column":59},"end":{"line":28,"column":71}}]},"7":{"loc":{"start":{"line":28,"column":35},"end":{"line":28,"column":61}},"type":"binary-expr","locations":[{"start":{"line":28,"column":35},"end":{"line":28,"column":61}},{"start":{"line":28,"column":59},"end":{"line":28,"column":61}}]},"8":{"loc":{"start":{"line":28,"column":50},"end":{"line":28,"column":52}},"type":"cond-expr","locations":[{"start":{"line":28,"column":50},"end":{"line":28,"column":52}},{"start":{"line":28,"column":50},"end":{"line":28,"column":59}}]},"9":{"loc":{"start":{"line":28,"column":35},"end":{"line":28,"column":52}},"type":"binary-expr","locations":[{"start":{"line":28,"column":35},"end":{"line":28,"column":52}},{"start":{"line":28,"column":50},"end":{"line":28,"column":52}}]}},"s":{"0":0,"1":0,"2":0,"3":0},"f":{"0":0},"b":{"0":[0,0],"1":[0,0],"2":[0,0],"3":[0,0],"4":[0,0],"5":[0,0],"6":[0,0],"7":[0,0],"8":[0,0],"9":[0,0]}}
,"C:\\Users\\rinka\\OneDrive\\Рабочий стол\\React-course\\RSSchool-React2021\\src\\components\\Button\\Button.tsx": {"path":"C:\\Users\\rinka\\OneDrive\\Рабочий стол\\React-course\\RSSchool-React2021\\src\\components\\Button\\Button.tsx","statementMap":{"0":{"start":{"line":1,"column":0},"end":{"line":1,"column":22}},"1":{"start":{"line":10,"column":2},"end":{"line":17,"column":4}},"2":{"start":{"line":9,"column":0},"end":{"line":9,"column":16}}},"fnMap":{"0":{"name":"Button","decl":{"start":{"line":9,"column":16},"end":{"line":9,"column":22}},"loc":{"start":{"line":9,"column":61},"end":{"line":18,"column":1}}}},"branchMap":{"0":{"loc":{"start":{"line":12,"column":23},"end":{"line":12,"column":31}},"type":"cond-expr","locations":[{"start":{"line":12,"column":23},"end":{"line":12,"column":31}},{"start":{"line":12,"column":34},"end":{"line":12,"column":42}}]}},"s":{"0":0,"1":0,"2":0},"f":{"0":0},"b":{"0":[0,0]}}
,"C:\\Users\\rinka\\OneDrive\\Рабочий стол\\React-course\\RSSchool-React2021\\src\\components\\Header\\Header.tsx": {"path":"C:\\Users\\rinka\\OneDrive\\Рабочий стол\\React-course\\RSSchool-React2021\\src\\components\\Header\\Header.tsx","statementMap":{"0":{"start":{"line":1,"column":0},"end":{"line":1,"column":43}},"1":{"start":{"line":2,"column":0},"end":{"line":2,"column":29}},"2":{"start":{"line":5,"column":2},"end":{"line":27,"column":4}},"3":{"start":{"line":4,"column":0},"end":{"line":4,"column":16}}},"fnMap":{"0":{"name":"Header","decl":{"start":{"line":4,"column":16},"end":{"line":4,"column":22}},"loc":{"start":{"line":4,"column":22},"end":{"line":28,"column":1}}}},"branchMap":{},"s":{"0":1,"1":1,"2":1,"3":1},"f":{"0":1},"b":{}}
,"C:\\Users\\rinka\\OneDrive\\Рабочий стол\\React-course\\RSSchool-React2021\\src\\components\\Loading\\Loading.tsx": {"path":"C:\\Users\\rinka\\OneDrive\\Рабочий стол\\React-course\\RSSchool-React2021\\src\\components\\Loading\\Loading.tsx","statementMap":{"0":{"start":{"line":1,"column":0},"end":{"line":1,"column":30}},"1":{"start":{"line":4,"column":2},"end":{"line":11,"column":4}},"2":{"start":{"line":3,"column":0},"end":{"line":3,"column":16}}},"fnMap":{"0":{"name":"Loading","decl":{"start":{"line":3,"column":16},"end":{"line":3,"column":23}},"loc":{"start":{"line":3,"column":23},"end":{"line":12,"column":1}}}},"branchMap":{},"s":{"0":0,"1":0,"2":0},"f":{"0":0},"b":{}}
,"C:\\Users\\rinka\\OneDrive\\Рабочий стол\\React-course\\RSSchool-React2021\\src\\components\\Pagination\\Pagination.tsx": {"path":"C:\\Users\\rinka\\OneDrive\\Рабочий стол\\React-course\\RSSchool-React2021\\src\\components\\Pagination\\Pagination.tsx","statementMap":{"0":{"start":{"line":1,"column":0},"end":{"line":1,"column":47}},"1":{"start":{"line":2,"column":0},"end":{"line":2,"column":33}},"2":{"start":{"line":11,"column":16},"end":{"line":11,"column":46}},"3":{"start":{"line":13,"column":23},"end":{"line":16,"column":3}},"4":{"start":{"line":14,"column":4},"end":{"line":14,"column":23}},"5":{"start":{"line":15,"column":4},"end":{"line":15,"column":26}},"6":{"start":{"line":18,"column":2},"end":{"line":35,"column":4}},"7":{"start":{"line":27,"column":10},"end":{"line":29,"column":12}},"8":{"start":{"line":28,"column":12},"end":{"line":28,"column":67}},"9":{"start":{"line":30,"column":10},"end":{"line":30,"column":66}},"10":{"start":{"line":10,"column":0},"end":{"line":10,"column":16}}},"fnMap":{"0":{"name":"Pagination","decl":{"start":{"line":10,"column":16},"end":{"line":10,"column":26}},"loc":{"start":{"line":10,"column":73},"end":{"line":36,"column":1}}},"1":{"name":"(anonymous_2)","decl":{"start":{"line":13,"column":23},"end":{"line":13,"column":24}},"loc":{"start":{"line":13,"column":45},"end":{"line":16,"column":3}}},"2":{"name":"(anonymous_3)","decl":{"start":{"line":26,"column":16},"end":{"line":26,"column":17}},"loc":{"start":{"line":26,"column":59},"end":{"line":31,"column":9}}},"3":{"name":"(anonymous_4)","decl":{"start":{"line":27,"column":25},"end":{"line":27,"column":28}},"loc":{"start":{"line":28,"column":12},"end":{"line":28,"column":67}}}},"branchMap":{"0":{"loc":{"start":{"line":15,"column":17},"end":{"line":15,"column":19}},"type":"cond-expr","locations":[{"start":{"line":15,"column":17},"end":{"line":15,"column":19}},{"start":{"line":15,"column":17},"end":{"line":15,"column":25}}]},"1":{"loc":{"start":{"line":15,"column":4},"end":{"line":15,"column":19}},"type":"binary-expr","locations":[{"start":{"line":15,"column":4},"end":{"line":15,"column":19}},{"start":{"line":15,"column":17},"end":{"line":15,"column":19}}]},"2":{"loc":{"start":{"line":28,"column":41},"end":{"line":28,"column":63}},"type":"cond-expr","locations":[{"start":{"line":28,"column":41},"end":{"line":28,"column":63}},{"start":{"line":28,"column":66},"end":{"line":28,"column":67}}]},"3":{"loc":{"start":{"line":30,"column":45},"end":{"line":30,"column":48}},"type":"cond-expr","locations":[{"start":{"line":30,"column":45},"end":{"line":30,"column":48}},{"start":{"line":30,"column":51},"end":{"line":30,"column":65}}]}},"s":{"0":0,"1":0,"2":0,"3":0,"4":0,"5":0,"6":0,"7":0,"8":0,"9":0,"10":0},"f":{"0":0,"1":0,"2":0,"3":0},"b":{"0":[0,0],"1":[0,0],"2":[0,0],"3":[0,0]}}
,"C:\\Users\\rinka\\OneDrive\\Рабочий стол\\React-course\\RSSchool-React2021\\src\\components\\Search\\Search.tsx": {"path":"C:\\Users\\rinka\\OneDrive\\Рабочий стол\\React-course\\RSSchool-React2021\\src\\components\\Search\\Search.tsx","statementMap":{"0":{"start":{"line":1,"column":0},"end":{"line":1,"column":33}},"1":{"start":{"line":2,"column":0},"end":{"line":2,"column":49}},"2":{"start":{"line":4,"column":0},"end":{"line":4,"column":42}},"3":{"start":{"line":5,"column":0},"end":{"line":5,"column":29}},"4":{"start":{"line":12,"column":28},"end":{"line":16,"column":4}},"5":{"start":{"line":18,"column":22},"end":{"line":22,"column":3}},"6":{"start":{"line":21,"column":4},"end":{"line":21,"column":60}},"7":{"start":{"line":24,"column":23},"end":{"line":27,"column":4}},"8":{"start":{"line":24,"column":57},"end":{"line":27,"column":4}},"9":{"start":{"line":25,"column":4},"end":{"line":25,"column":23}},"10":{"start":{"line":26,"column":4},"end":{"line":26,"column":26}},"11":{"start":{"line":29,"column":2},"end":{"line":74,"column":4}},"12":{"start":{"line":11,"column":0},"end":{"line":11,"column":16}}},"fnMap":{"0":{"name":"Search","decl":{"start":{"line":11,"column":16},"end":{"line":11,"column":22}},"loc":{"start":{"line":11,"column":49},"end":{"line":75,"column":1}}},"1":{"name":"(anonymous_9)","decl":{"start":{"line":18,"column":22},"end":{"line":18,"column":null}},"loc":{"start":{"line":20,"column":6},"end":{"line":22,"column":3}}},"2":{"name":"(anonymous_10)","decl":{"start":{"line":24,"column":23},"end":{"line":24,"column":30}},"loc":{"start":{"line":24,"column":57},"end":{"line":27,"column":4}}},"3":{"name":"(anonymous_11)","decl":{"start":{"line":24,"column":57},"end":{"line":24,"column":null}},"loc":{"start":{"line":24,"column":57},"end":{"line":27,"column":3}}}},"branchMap":{},"s":{"0":0,"1":0,"2":0,"3":0,"4":0,"5":0,"6":0,"7":0,"8":0,"9":0,"10":0,"11":0,"12":0},"f":{"0":0,"1":0,"2":0,"3":0},"b":{}}
,"C:\\Users\\rinka\\OneDrive\\Рабочий стол\\React-course\\RSSchool-React2021\\src\\pages\\Error404.tsx": {"path":"C:\\Users\\rinka\\OneDrive\\Рабочий стол\\React-course\\RSSchool-React2021\\src\\pages\\Error404.tsx","statementMap":{"0":{"start":{"line":1,"column":0},"end":{"line":1,"column":46}},"1":{"start":{"line":4,"column":2},"end":{"line":8,"column":4}},"2":{"start":{"line":3,"column":0},"end":{"line":3,"column":16}}},"fnMap":{"0":{"name":"Error404","decl":{"start":{"line":3,"column":16},"end":{"line":3,"column":24}},"loc":{"start":{"line":3,"column":24},"end":{"line":9,"column":1}}}},"branchMap":{},"s":{"0":0,"1":0,"2":0},"f":{"0":0},"b":{}}
,"C:\\Users\\rinka\\OneDrive\\Рабочий стол\\React-course\\RSSchool-React2021\\src\\pages\\Home.tsx": {"path":"C:\\Users\\rinka\\OneDrive\\Рабочий стол\\React-course\\RSSchool-React2021\\src\\pages\\Home.tsx","statementMap":{"0":{"start":{"line":1,"column":0},"end":{"line":1,"column":44}},"1":{"start":{"line":2,"column":0},"end":{"line":2,"column":55}},"2":{"start":{"line":3,"column":0},"end":{"line":3,"column":53}},"3":{"start":{"line":4,"column":0},"end":{"line":4,"column":59}},"4":{"start":{"line":5,"column":0},"end":{"line":5,"column":56}},"5":{"start":{"line":6,"column":0},"end":{"line":6,"column":65}},"6":{"start":{"line":7,"column":0},"end":{"line":7,"column":53}},"7":{"start":{"line":10,"column":0},"end":{"line":10,"column":58}},"8":{"start":{"line":11,"column":0},"end":{"line":11,"column":58}},"9":{"start":{"line":12,"column":0},"end":{"line":12,"column":62}},"10":{"start":{"line":15,"column":16},"end":{"line":15,"column":40}},"11":{"start":{"line":16,"column":19},"end":{"line":16,"column":32}},"12":{"start":{"line":18,"column":40},"end":{"line":22,"column":4}},"13":{"start":{"line":23,"column":34},"end":{"line":23,"column":48}},"14":{"start":{"line":24,"column":33},"end":{"line":24,"column":44}},"15":{"start":{"line":25,"column":40},"end":{"line":25,"column":51}},"16":{"start":{"line":27,"column":2},"end":{"line":40,"column":43}},"17":{"start":{"line":28,"column":4},"end":{"line":28,"column":21}},"18":{"start":{"line":29,"column":23},"end":{"line":29,"column":72}},"19":{"start":{"line":30,"column":4},"end":{"line":39,"column":7}},"20":{"start":{"line":36,"column":6},"end":{"line":36,"column":24}},"21":{"start":{"line":37,"column":6},"end":{"line":37,"column":42}},"22":{"start":{"line":38,"column":6},"end":{"line":38,"column":75}},"23":{"start":{"line":42,"column":2},"end":{"line":60,"column":4}},"24":{"start":{"line":52,"column":38},"end":{"line":52,"column":62}},"25":{"start":{"line":14,"column":0},"end":{"line":14,"column":16}}},"fnMap":{"0":{"name":"Home","decl":{"start":{"line":14,"column":16},"end":{"line":14,"column":20}},"loc":{"start":{"line":14,"column":20},"end":{"line":61,"column":1}}},"1":{"name":"(anonymous_1)","decl":{"start":{"line":27,"column":12},"end":{"line":27,"column":15}},"loc":{"start":{"line":27,"column":17},"end":{"line":40,"column":3}}},"2":{"name":"(anonymous_2)","decl":{"start":{"line":35,"column":11},"end":{"line":35,"column":12}},"loc":{"start":{"line":35,"column":25},"end":{"line":39,"column":5}}},"3":{"name":"(anonymous_3)","decl":{"start":{"line":52,"column":21},"end":{"line":52,"column":22}},"loc":{"start":{"line":52,"column":38},"end":{"line":52,"column":62}}}},"branchMap":{"0":{"loc":{"start":{"line":46,"column":9},"end":{"line":46,"column":18}},"type":"binary-expr","locations":[{"start":{"line":46,"column":9},"end":{"line":46,"column":18}},{"start":{"line":46,"column":22},"end":{"line":46,"column":33}}]},"1":{"loc":{"start":{"line":47,"column":9},"end":{"line":47,"column":19}},"type":"binary-expr","locations":[{"start":{"line":47,"column":9},"end":{"line":47,"column":19}},{"start":{"line":48,"column":10},"end":{"line":48,"column":16}},{"start":{"line":49,"column":10},"end":{"line":49,"column":61}}]},"2":{"loc":{"start":{"line":50,"column":9},"end":{"line":50,"column":19}},"type":"binary-expr","locations":[{"start":{"line":50,"column":9},"end":{"line":50,"column":19}},{"start":{"line":51,"column":10},"end":{"line":51,"column":15}},{"start":{"line":52,"column":10},"end":{"line":52,"column":77}}]},"3":{"loc":{"start":{"line":52,"column":15},"end":{"line":52,"column":17}},"type":"cond-expr","locations":[{"start":{"line":52,"column":15},"end":{"line":52,"column":17}},{"start":{"line":52,"column":10},"end":{"line":52,"column":77}}]},"4":{"loc":{"start":{"line":52,"column":10},"end":{"line":52,"column":17}},"type":"binary-expr","locations":[{"start":{"line":52,"column":10},"end":{"line":52,"column":17}},{"start":{"line":52,"column":10},"end":{"line":52,"column":17}}]}},"s":{"0":0,"1":0,"2":0,"3":0,"4":0,"5":0,"6":0,"7":0,"8":0,"9":0,"10":0,"11":0,"12":0,"13":0,"14":0,"15":0,"16":0,"17":0,"18":0,"19":0,"20":0,"21":0,"22":0,"23":0,"24":0,"25":0},"f":{"0":0,"1":0,"2":0,"3":0},"b":{"0":[0,0],"1":[0,0,0],"2":[0,0,0],"3":[0,0],"4":[0,0]}}
,"C:\\Users\\rinka\\OneDrive\\Рабочий стол\\React-course\\RSSchool-React2021\\src\\pages\\About\\About.tsx": {"path":"C:\\Users\\rinka\\OneDrive\\Рабочий стол\\React-course\\RSSchool-React2021\\src\\pages\\About\\About.tsx","statementMap":{"0":{"start":{"line":1,"column":0},"end":{"line":1,"column":28}},"1":{"start":{"line":4,"column":2},"end":{"line":16,"column":4}},"2":{"start":{"line":3,"column":0},"end":{"line":3,"column":16}}},"fnMap":{"0":{"name":"About","decl":{"start":{"line":3,"column":16},"end":{"line":3,"column":21}},"loc":{"start":{"line":3,"column":21},"end":{"line":17,"column":1}}}},"branchMap":{},"s":{"0":0,"1":0,"2":0},"f":{"0":0},"b":{}}
,"C:\\Users\\rinka\\OneDrive\\Рабочий стол\\React-course\\RSSchool-React2021\\src\\pages\\Detail\\Details.tsx": {"path":"C:\\Users\\rinka\\OneDrive\\Рабочий стол\\React-course\\RSSchool-React2021\\src\\pages\\Detail\\Details.tsx","statementMap":{"0":{"start":{"line":1,"column":0},"end":{"line":1,"column":34}},"1":{"start":{"line":2,"column":0},"end":{"line":2,"column":55}},"2":{"start":{"line":3,"column":0},"end":{"line":3,"column":55}},"3":{"start":{"line":4,"column":0},"end":{"line":4,"column":68}},"4":{"start":{"line":5,"column":0},"end":{"line":5,"column":29}},"5":{"start":{"line":14,"column":19},"end":{"line":14,"column":32}},"6":{"start":{"line":15,"column":15},"end":{"line":15,"column":38}},"7":{"start":{"line":17,"column":2},"end":{"line":21,"column":34}},"8":{"start":{"line":18,"column":4},"end":{"line":20,"column":7}},"9":{"start":{"line":19,"column":6},"end":{"line":19,"column":30}},"10":{"start":{"line":23,"column":2},"end":{"line":47,"column":4}},"11":{"start":{"line":13,"column":0},"end":{"line":13,"column":16}}},"fnMap":{"0":{"name":"Details","decl":{"start":{"line":13,"column":16},"end":{"line":13,"column":23}},"loc":{"start":{"line":13,"column":41},"end":{"line":48,"column":1}}},"1":{"name":"(anonymous_2)","decl":{"start":{"line":17,"column":12},"end":{"line":17,"column":15}},"loc":{"start":{"line":17,"column":17},"end":{"line":21,"column":3}}},"2":{"name":"(anonymous_3)","decl":{"start":{"line":18,"column":34},"end":{"line":18,"column":35}},"loc":{"start":{"line":18,"column":43},"end":{"line":20,"column":5}}}},"branchMap":{"0":{"loc":{"start":{"line":26,"column":46},"end":{"line":26,"column":48}},"type":"cond-expr","locations":[{"start":{"line":26,"column":46},"end":{"line":26,"column":48}},{"start":{"line":26,"column":46},"end":{"line":26,"column":57}}]},"1":{"loc":{"start":{"line":26,"column":18},"end":{"line":26,"column":48}},"type":"binary-expr","locations":[{"start":{"line":26,"column":18},"end":{"line":26,"column":48}},{"start":{"line":26,"column":46},"end":{"line":26,"column":48}}]},"2":{"loc":{"start":{"line":26,"column":34},"end":{"line":26,"column":36}},"type":"cond-expr","locations":[{"start":{"line":26,"column":34},"end":{"line":26,"column":36}},{"start":{"line":26,"column":34},"end":{"line":26,"column":46}}]},"3":{"loc":{"start":{"line":26,"column":18},"end":{"line":26,"column":36}},"type":"binary-expr","locations":[{"start":{"line":26,"column":18},"end":{"line":26,"column":36}},{"start":{"line":26,"column":34},"end":{"line":26,"column":36}}]},"4":{"loc":{"start":{"line":26,"column":22},"end":{"line":26,"column":24}},"type":"cond-expr","locations":[{"start":{"line":26,"column":22},"end":{"line":26,"column":24}},{"start":{"line":26,"column":18},"end":{"line":26,"column":34}}]},"5":{"loc":{"start":{"line":26,"column":18},"end":{"line":26,"column":24}},"type":"binary-expr","locations":[{"start":{"line":26,"column":18},"end":{"line":26,"column":24}},{"start":{"line":26,"column":18},"end":{"line":26,"column":24}}]},"6":{"loc":{"start":{"line":28,"column":51},"end":{"line":28,"column":53}},"type":"cond-expr","locations":[{"start":{"line":28,"column":51},"end":{"line":28,"column":53}},{"start":{"line":28,"column":51},"end":{"line":28,"column":58}}]},"7":{"loc":{"start":{"line":28,"column":35},"end":{"line":28,"column":53}},"type":"binary-expr","locations":[{"start":{"line":28,"column":35},"end":{"line":28,"column":53}},{"start":{"line":28,"column":51},"end":{"line":28,"column":53}}]},"8":{"loc":{"start":{"line":28,"column":39},"end":{"line":28,"column":41}},"type":"cond-expr","locations":[{"start":{"line":28,"column":39},"end":{"line":28,"column":41}},{"start":{"line":28,"column":35},"end":{"line":28,"column":51}}]},"9":{"loc":{"start":{"line":28,"column":35},"end":{"line":28,"column":41}},"type":"binary-expr","locations":[{"start":{"line":28,"column":35},"end":{"line":28,"column":41}},{"start":{"line":28,"column":35},"end":{"line":28,"column":41}}]},"10":{"loc":{"start":{"line":30,"column":38},"end":{"line":30,"column":40}},"type":"cond-expr","locations":[{"start":{"line":30,"column":38},"end":{"line":30,"column":40}},{"start":{"line":30,"column":38},"end":{"line":30,"column":50}}]},"11":{"loc":{"start":{"line":30,"column":13},"end":{"line":30,"column":40}},"type":"binary-expr","locations":[{"start":{"line":30,"column":13},"end":{"line":30,"column":40}},{"start":{"line":30,"column":38},"end":{"line":30,"column":40}}]},"12":{"loc":{"start":{"line":30,"column":29},"end":{"line":30,"column":31}},"type":"cond-expr","locations":[{"start":{"line":30,"column":29},"end":{"line":30,"column":31}},{"start":{"line":30,"column":29},"end":{"line":30,"column":38}}]},"13":{"loc":{"start":{"line":30,"column":13},"end":{"line":30,"column":31}},"type":"binary-expr","locations":[{"start":{"line":30,"column":13},"end":{"line":30,"column":31}},{"start":{"line":30,"column":29},"end":{"line":30,"column":31}}]},"14":{"loc":{"start":{"line":30,"column":17},"end":{"line":30,"column":19}},"type":"cond-expr","locations":[{"start":{"line":30,"column":17},"end":{"line":30,"column":19}},{"start":{"line":30,"column":13},"end":{"line":30,"column":29}}]},"15":{"loc":{"start":{"line":30,"column":13},"end":{"line":30,"column":19}},"type":"binary-expr","locations":[{"start":{"line":30,"column":13},"end":{"line":30,"column":19}},{"start":{"line":30,"column":13},"end":{"line":30,"column":19}}]},"16":{"loc":{"start":{"line":31,"column":17},"end":{"line":31,"column":19}},"type":"cond-expr","locations":[{"start":{"line":31,"column":17},"end":{"line":31,"column":19}},{"start":{"line":31,"column":13},"end":{"line":31,"column":43}}]},"17":{"loc":{"start":{"line":31,"column":13},"end":{"line":31,"column":19}},"type":"binary-expr","locations":[{"start":{"line":31,"column":13},"end":{"line":31,"column":19}},{"start":{"line":31,"column":13},"end":{"line":31,"column":19}}]},"18":{"loc":{"start":{"line":33,"column":44},"end":{"line":33,"column":46}},"type":"cond-expr","locations":[{"start":{"line":33,"column":44},"end":{"line":33,"column":46}},{"start":{"line":33,"column":40},"end":{"line":33,"column":68}}]},"19":{"loc":{"start":{"line":33,"column":40},"end":{"line":33,"column":46}},"type":"binary-expr","locations":[{"start":{"line":33,"column":40},"end":{"line":33,"column":46}},{"start":{"line":33,"column":40},"end":{"line":33,"column":46}}]},"20":{"loc":{"start":{"line":35,"column":28},"end":{"line":35,"column":30}},"type":"cond-expr","locations":[{"start":{"line":35,"column":28},"end":{"line":35,"column":30}},{"start":{"line":35,"column":24},"end":{"line":35,"column":50}}]},"21":{"loc":{"start":{"line":35,"column":24},"end":{"line":35,"column":30}},"type":"binary-expr","locations":[{"start":{"line":35,"column":24},"end":{"line":35,"column":30}},{"start":{"line":35,"column":24},"end":{"line":35,"column":30}}]},"22":{"loc":{"start":{"line":36,"column":17},"end":{"line":36,"column":19}},"type":"cond-expr","locations":[{"start":{"line":36,"column":17},"end":{"line":36,"column":19}},{"start":{"line":36,"column":13},"end":{"line":36,"column":39}}]},"23":{"loc":{"start":{"line":36,"column":13},"end":{"line":36,"column":19}},"type":"binary-expr","locations":[{"start":{"line":36,"column":13},"end":{"line":36,"column":19}},{"start":{"line":36,"column":13},"end":{"line":36,"column":19}}]},"24":{"loc":{"start":{"line":39,"column":22},"end":{"line":39,"column":24}},"type":"cond-expr","locations":[{"start":{"line":39,"column":22},"end":{"line":39,"column":24}},{"start":{"line":39,"column":18},"end":{"line":39,"column":46}}]},"25":{"loc":{"start":{"line":39,"column":18},"end":{"line":39,"column":24}},"type":"binary-expr","locations":[{"start":{"line":39,"column":18},"end":{"line":39,"column":24}},{"start":{"line":39,"column":18},"end":{"line":39,"column":24}}]}},"s":{"0":0,"1":0,"2":0,"3":0,"4":0,"5":0,"6":0,"7":0,"8":0,"9":0,"10":0,"11":0},"f":{"0":0,"1":0,"2":0},"b":{"0":[0,0],"1":[0,0],"2":[0,0],"3":[0,0],"4":[0,0],"5":[0,0],"6":[0,0],"7":[0,0],"8":[0,0],"9":[0,0],"10":[0,0],"11":[0,0],"12":[0,0],"13":[0,0],"14":[0,0],"15":[0,0],"16":[0,0],"17":[0,0],"18":[0,0],"19":[0,0],"20":[0,0],"21":[0,0],"22":[0,0],"23":[0,0],"24":[0,0],"25":[0,0]}}
}
